2026-02-02 20:37:55 - 
==================================================
2026-02-02 20:37:55 - 🚀 Initializing Training (Target: AutoKL only)
2026-02-02 20:37:55 -    CLIP Dim: 4096 (Mean), MSE Dim: 16384 (Full)
2026-02-02 20:37:55 - ==================================================
2026-02-02 20:37:55 - 📊 Calculating AutoKL Mean/Std (for future use)...
2026-02-02 20:38:44 - 📊 Dataset Split -> Train: 63513, Val: 15879
2026-02-02 20:38:46 - 🚀 Start Training Loop...
2026-02-02 20:55:46 - Epoch 1 | Time: 1019.7s | Train Loss: 2.453342 | Val Loss: 2.426028 (CLIP: 4.852030, MSE: 0.000026)
2026-02-02 20:55:46 - ✅ Validation loss decreased. Saving best model to ./checkpoints/autokl_final/best_model.pth
2026-02-02 21:12:33 - Epoch 2 | Time: 1006.4s | Train Loss: 2.426042 | Val Loss: 2.426037 (CLIP: 4.852030, MSE: 0.000044)
2026-02-02 21:12:33 - 🛑 EarlyStopping counter: 1 out of 15
2026-02-02 21:29:41 - Epoch 3 | Time: 1028.5s | Train Loss: 2.426042 | Val Loss: 2.426019 (CLIP: 4.852030, MSE: 0.000008)
2026-02-02 21:29:42 - ✅ Validation loss decreased. Saving best model to ./checkpoints/autokl_final/best_model.pth
2026-02-02 21:31:22 - 
==================================================
2026-02-02 21:31:22 - 🚀 Initializing Training (Target: AutoKL only)
2026-02-02 21:31:22 -    CLIP Dim: 4096 (Mean), MSE Dim: 16384 (Full)
2026-02-02 21:31:22 - ==================================================
2026-02-02 21:31:22 - 📊 Dataset Split -> Train: 63513, Val: 15879
2026-02-02 21:31:23 - 🚀 Start Training Loop...
2026-02-02 21:44:24 - 
==================================================
2026-02-02 21:44:24 - 🚀 Initializing Training (Target: AutoKL only)
2026-02-02 21:44:24 -    CLIP Dim: 4096 (Mean), MSE Dim: 16384 (Full)
2026-02-02 21:44:24 - ==================================================
2026-02-02 21:44:24 - 📊 Dataset Split -> Train: 63513, Val: 15879
2026-02-02 21:44:25 - 🚀 Start Training Loop...
2026-02-02 22:05:13 - Epoch 1 | Time: 1247.8s | Train Loss: 0.048114 | Val Loss: 0.000054 (CLIP: 4.852030, MSE: 0.000054)
2026-02-02 22:05:15 - ✅ Validation loss decreased. Saving best model to ./checkpoints/autokl_final/best_model.pth
2026-02-02 22:29:09 - Epoch 2 | Time: 1433.8s | Train Loss: 0.000179 | Val Loss: 0.000030 (CLIP: 4.852030, MSE: 0.000030)
2026-02-02 22:29:10 - ✅ Validation loss decreased. Saving best model to ./checkpoints/autokl_final/best_model.pth
2026-02-02 22:35:12 - 
==================================================
2026-02-02 22:35:12 - 🚀 Initializing Training (Target: AutoKL only)
2026-02-02 22:35:12 -    CLIP Dim: 4096 (Mean), MSE Dim: 16384 (Full)
2026-02-02 22:35:12 - ==================================================
2026-02-02 22:35:12 - 📊 Dataset Split -> Train: 63513, Val: 15879
2026-02-02 22:35:15 - 🚀 Start Training Loop...
2026-02-02 23:01:49 - Epoch 1 | Time: 1594.7s | Train Loss: 0.0412409374 | Val Loss: 0.0001075387 (CLIP: 4.852030, MSE: 0.0001075387)
2026-02-02 23:01:50 - ✅ Validation loss decreased. Saving best model to ./checkpoints/autokl_final/best_model.pth
2026-02-03 16:24:00 - 
==================================================
2026-02-03 16:24:00 - 🚀 Initializing Training (Target: AutoKL only)
2026-02-03 16:24:00 -    CLIP Dim: 4096 (Mean), MSE Dim: 16384 (Full)
2026-02-03 16:24:00 - ==================================================
2026-02-03 16:24:00 - 📊 Dataset Split -> Train: 63513, Val: 15879
2026-02-03 16:24:04 - 🚀 Start Training Loop...
2026-02-03 16:46:49 - Epoch 1 | Time: 1364.8s | Train Loss: 0.0461189158 | Val Loss: 0.0001263105 (CLIP: 4.852030, MSE: 0.0001263105)
2026-02-03 16:46:50 - ✅ Validation loss decreased. Saving best model to ./checkpoints/autokl_final/best_model.pth
2026-02-03 17:09:20 - Epoch 2 | Time: 1350.3s | Train Loss: 0.0004299480 | Val Loss: 0.0002748647 (CLIP: 4.852030, MSE: 0.0002748647)
2026-02-03 17:09:20 - 🛑 EarlyStopping counter: 1 out of 15
2026-02-03 17:32:09 - Epoch 3 | Time: 1368.6s | Train Loss: 0.0002595832 | Val Loss: 0.0000754449 (CLIP: 4.852030, MSE: 0.0000754449)
2026-02-03 17:32:09 - ✅ Validation loss decreased. Saving best model to ./checkpoints/autokl_final/best_model.pth
2026-02-03 17:55:01 - Epoch 4 | Time: 1371.4s | Train Loss: 0.0002044836 | Val Loss: 0.0004194382 (CLIP: 4.852030, MSE: 0.0004194382)
2026-02-03 17:55:01 - 🛑 EarlyStopping counter: 1 out of 15
2026-02-03 18:17:58 - Epoch 5 | Time: 1377.3s | Train Loss: 0.0006367275 | Val Loss: 0.0001774696 (CLIP: 4.852030, MSE: 0.0001774696)
2026-02-03 18:17:58 - 🛑 EarlyStopping counter: 2 out of 15
2026-02-03 18:40:54 - Epoch 6 | Time: 1376.0s | Train Loss: 0.0000846442 | Val Loss: 0.0000265449 (CLIP: 4.852030, MSE: 0.0000265449)
2026-02-03 18:40:55 - ✅ Validation loss decreased. Saving best model to ./checkpoints/autokl_final/best_model.pth
2026-02-03 19:03:47 - Epoch 7 | Time: 1372.3s | Train Loss: 0.0000906809 | Val Loss: 0.0000167956 (CLIP: 4.852030, MSE: 0.0000167956)
2026-02-03 19:03:48 - ✅ Validation loss decreased. Saving best model to ./checkpoints/autokl_final/best_model.pth
2026-02-03 19:26:51 - Epoch 8 | Time: 1383.1s | Train Loss: 0.0001174673 | Val Loss: 0.0002801298 (CLIP: 4.852030, MSE: 0.0002801298)
2026-02-03 19:26:51 - 🛑 EarlyStopping counter: 1 out of 15
2026-02-03 19:49:56 - Epoch 9 | Time: 1385.5s | Train Loss: 0.0001045306 | Val Loss: 0.0000521397 (CLIP: 4.852030, MSE: 0.0000521397)
2026-02-03 19:49:56 - 🛑 EarlyStopping counter: 2 out of 15
2026-02-03 20:13:09 - Epoch 10 | Time: 1392.6s | Train Loss: 0.0001377960 | Val Loss: 0.0000059359 (CLIP: 4.852030, MSE: 0.0000059359)
2026-02-03 20:13:10 - ✅ Validation loss decreased. Saving best model to ./checkpoints/autokl_final/best_model.pth
2026-02-03 20:13:11 - 💾 Checkpoint saved: ./checkpoints/autokl_final/epoch_10.pth
2026-02-03 20:36:09 - Epoch 11 | Time: 1378.7s | Train Loss: 0.0001103555 | Val Loss: 0.0001195538 (CLIP: 4.852030, MSE: 0.0001195538)
2026-02-03 20:36:09 - 🛑 EarlyStopping counter: 1 out of 15
2026-02-03 20:59:21 - Epoch 12 | Time: 1391.8s | Train Loss: 0.0001060293 | Val Loss: 0.0000250547 (CLIP: 4.852030, MSE: 0.0000250547)
2026-02-03 20:59:21 - 🛑 EarlyStopping counter: 2 out of 15
2026-02-03 21:22:38 - Epoch 13 | Time: 1396.5s | Train Loss: 0.0001060882 | Val Loss: 0.0000011146 (CLIP: 4.852030, MSE: 0.0000011146)
2026-02-03 21:22:39 - ✅ Validation loss decreased. Saving best model to ./checkpoints/autokl_final/best_model.pth
2026-02-03 21:45:58 - Epoch 14 | Time: 1399.8s | Train Loss: 0.0000953114 | Val Loss: 0.0000113200 (CLIP: 4.852030, MSE: 0.0000113200)
2026-02-03 21:45:58 - 🛑 EarlyStopping counter: 1 out of 15
2026-02-03 22:09:32 - Epoch 15 | Time: 1413.4s | Train Loss: 0.0000886603 | Val Loss: 0.0000069686 (CLIP: 4.852030, MSE: 0.0000069686)
2026-02-03 22:09:32 - 🛑 EarlyStopping counter: 2 out of 15
2026-02-03 22:33:07 - Epoch 16 | Time: 1415.6s | Train Loss: 0.0000756889 | Val Loss: 0.0000155013 (CLIP: 4.852030, MSE: 0.0000155013)
2026-02-03 22:33:07 - 🛑 EarlyStopping counter: 3 out of 15
2026-02-03 22:57:58 - Epoch 17 | Time: 1490.7s | Train Loss: 0.0000724830 | Val Loss: 0.0000460364 (CLIP: 4.852030, MSE: 0.0000460364)
2026-02-03 22:57:58 - 🛑 EarlyStopping counter: 4 out of 15
2026-02-03 23:21:30 - Epoch 18 | Time: 1412.0s | Train Loss: 0.0000731366 | Val Loss: 0.0000065920 (CLIP: 4.852030, MSE: 0.0000065920)
2026-02-03 23:21:30 - 🛑 EarlyStopping counter: 5 out of 15
2026-02-03 23:44:46 - Epoch 19 | Time: 1396.4s | Train Loss: 0.0000749139 | Val Loss: 0.0000990600 (CLIP: 4.852030, MSE: 0.0000990600)
2026-02-03 23:44:46 - 🛑 EarlyStopping counter: 6 out of 15
2026-02-04 00:09:25 - Epoch 20 | Time: 1478.1s | Train Loss: 0.0000662791 | Val Loss: 0.0000219745 (CLIP: 4.852030, MSE: 0.0000219745)
2026-02-04 00:09:25 - 🛑 EarlyStopping counter: 7 out of 15
2026-02-04 00:09:25 - 💾 Checkpoint saved: ./checkpoints/autokl_final/epoch_20.pth
2026-02-04 00:33:01 - Epoch 21 | Time: 1415.8s | Train Loss: 0.0000466529 | Val Loss: 0.0000076271 (CLIP: 4.852030, MSE: 0.0000076271)
2026-02-04 00:33:01 - 🛑 EarlyStopping counter: 8 out of 15
2026-02-04 00:56:38 - Epoch 22 | Time: 1417.0s | Train Loss: 0.0000544704 | Val Loss: 0.0000006604 (CLIP: 4.852030, MSE: 0.0000006604)
2026-02-04 00:56:39 - ✅ Validation loss decreased. Saving best model to ./checkpoints/autokl_final/best_model.pth
2026-02-04 01:20:34 - Epoch 23 | Time: 1435.0s | Train Loss: 0.0000500061 | Val Loss: 0.0000117621 (CLIP: 4.852030, MSE: 0.0000117621)
2026-02-04 01:20:34 - 🛑 EarlyStopping counter: 1 out of 15
2026-02-04 01:46:06 - Epoch 24 | Time: 1531.7s | Train Loss: 0.0000492764 | Val Loss: 0.0000062789 (CLIP: 4.852030, MSE: 0.0000062789)
2026-02-04 01:46:06 - 🛑 EarlyStopping counter: 2 out of 15
2026-02-04 02:10:10 - Epoch 25 | Time: 1444.6s | Train Loss: 0.0012883422 | Val Loss: 0.0000019208 (CLIP: 4.852030, MSE: 0.0000019208)
2026-02-04 02:10:10 - 🛑 EarlyStopping counter: 3 out of 15
2026-02-04 02:33:48 - Epoch 26 | Time: 1418.2s | Train Loss: 0.0000017453 | Val Loss: 0.0000013118 (CLIP: 4.852030, MSE: 0.0000013118)
2026-02-04 02:33:48 - 🛑 EarlyStopping counter: 4 out of 15
2026-02-04 02:57:18 - Epoch 27 | Time: 1409.6s | Train Loss: 0.0000009612 | Val Loss: 0.0000005930 (CLIP: 4.852030, MSE: 0.0000005930)
2026-02-04 02:57:19 - ✅ Validation loss decreased. Saving best model to ./checkpoints/autokl_final/best_model.pth
2026-02-04 03:20:48 - Epoch 28 | Time: 1409.2s | Train Loss: 0.0000007501 | Val Loss: 0.0000009843 (CLIP: 4.852030, MSE: 0.0000009843)
2026-02-04 03:20:48 - 🛑 EarlyStopping counter: 1 out of 15
2026-02-04 03:44:44 - Epoch 29 | Time: 1435.8s | Train Loss: 0.0000006549 | Val Loss: 0.0000003445 (CLIP: 4.852030, MSE: 0.0000003445)
2026-02-04 03:44:44 - ✅ Validation loss decreased. Saving best model to ./checkpoints/autokl_final/best_model.pth
2026-02-04 04:08:36 - Epoch 30 | Time: 1431.8s | Train Loss: 0.0000012121 | Val Loss: 0.0000012087 (CLIP: 4.852030, MSE: 0.0000012087)
2026-02-04 04:08:36 - 🛑 EarlyStopping counter: 1 out of 15
2026-02-04 04:08:37 - 💾 Checkpoint saved: ./checkpoints/autokl_final/epoch_30.pth
2026-02-04 04:32:52 - Epoch 31 | Time: 1455.1s | Train Loss: 0.0000094296 | Val Loss: 0.0000650109 (CLIP: 4.852030, MSE: 0.0000650109)
2026-02-04 04:32:52 - 🛑 EarlyStopping counter: 2 out of 15
2026-02-04 04:57:10 - Epoch 32 | Time: 1458.4s | Train Loss: 0.0000166448 | Val Loss: 0.0000308006 (CLIP: 4.852030, MSE: 0.0000308006)
2026-02-04 04:57:10 - 🛑 EarlyStopping counter: 3 out of 15
2026-02-04 05:21:43 - Epoch 33 | Time: 1472.3s | Train Loss: 0.0000138634 | Val Loss: 0.0000008499 (CLIP: 4.852030, MSE: 0.0000008499)
2026-02-04 05:21:43 - 🛑 EarlyStopping counter: 4 out of 15
2026-02-04 05:46:07 - Epoch 34 | Time: 1464.2s | Train Loss: 0.0000132620 | Val Loss: 0.0000209430 (CLIP: 4.852030, MSE: 0.0000209430)
2026-02-04 05:46:07 - 🛑 EarlyStopping counter: 5 out of 15
2026-02-04 06:10:22 - Epoch 35 | Time: 1455.1s | Train Loss: 0.0000099181 | Val Loss: 0.0000391477 (CLIP: 4.852030, MSE: 0.0000391477)
2026-02-04 06:10:22 - 🛑 EarlyStopping counter: 6 out of 15
2026-02-04 06:35:04 - Epoch 36 | Time: 1481.9s | Train Loss: 0.0000088846 | Val Loss: 0.0000024145 (CLIP: 4.852030, MSE: 0.0000024145)
2026-02-04 06:35:04 - 🛑 EarlyStopping counter: 7 out of 15
2026-02-04 06:58:44 - Epoch 37 | Time: 1420.5s | Train Loss: 0.0000096253 | Val Loss: 0.0000109976 (CLIP: 4.852030, MSE: 0.0000109976)
2026-02-04 06:58:44 - 🛑 EarlyStopping counter: 8 out of 15
2026-02-04 07:23:17 - Epoch 38 | Time: 1472.4s | Train Loss: 0.0000072744 | Val Loss: 0.0000072924 (CLIP: 4.852030, MSE: 0.0000072924)
2026-02-04 07:23:17 - 🛑 EarlyStopping counter: 9 out of 15
2026-02-04 07:48:14 - Epoch 39 | Time: 1497.0s | Train Loss: 0.0000071182 | Val Loss: 0.0000152080 (CLIP: 4.852030, MSE: 0.0000152080)
2026-02-04 07:48:14 - 🛑 EarlyStopping counter: 10 out of 15
2026-02-04 08:12:01 - Epoch 40 | Time: 1427.5s | Train Loss: 0.0000064635 | Val Loss: 0.0000003882 (CLIP: 4.852030, MSE: 0.0000003882)
2026-02-04 08:12:01 - 🛑 EarlyStopping counter: 11 out of 15
2026-02-04 08:12:02 - 💾 Checkpoint saved: ./checkpoints/autokl_final/epoch_40.pth
2026-02-04 08:35:44 - Epoch 41 | Time: 1422.5s | Train Loss: 0.0000055232 | Val Loss: 0.0000032834 (CLIP: 4.852030, MSE: 0.0000032834)
2026-02-04 08:35:44 - 🛑 EarlyStopping counter: 12 out of 15
2026-02-04 09:00:00 - Epoch 42 | Time: 1455.8s | Train Loss: 0.0000056734 | Val Loss: 0.0000040289 (CLIP: 4.852030, MSE: 0.0000040289)
2026-02-04 09:00:00 - 🛑 EarlyStopping counter: 13 out of 15
2026-02-04 09:24:05 - Epoch 43 | Time: 1445.1s | Train Loss: 0.0000054076 | Val Loss: 0.0000004610 (CLIP: 4.852030, MSE: 0.0000004610)
2026-02-04 09:24:05 - 🛑 EarlyStopping counter: 14 out of 15
2026-02-04 09:48:10 - Epoch 44 | Time: 1444.9s | Train Loss: 0.0000074999 | Val Loss: 0.0000003329 (CLIP: 4.852030, MSE: 0.0000003329)
2026-02-04 09:48:11 - ✅ Validation loss decreased. Saving best model to ./checkpoints/autokl_final/best_model.pth
2026-02-04 10:12:03 - Epoch 45 | Time: 1432.1s | Train Loss: 0.0000033282 | Val Loss: 0.0000202283 (CLIP: 4.852030, MSE: 0.0000202283)
2026-02-04 10:12:03 - 🛑 EarlyStopping counter: 1 out of 15
2026-02-04 10:35:57 - Epoch 46 | Time: 1434.4s | Train Loss: 0.0000051441 | Val Loss: 0.0000002936 (CLIP: 4.852030, MSE: 0.0000002936)
2026-02-04 10:35:58 - ✅ Validation loss decreased. Saving best model to ./checkpoints/autokl_final/best_model.pth
2026-02-04 10:59:57 - Epoch 47 | Time: 1438.9s | Train Loss: 0.0000061148 | Val Loss: 0.0000009300 (CLIP: 4.852030, MSE: 0.0000009300)
2026-02-04 10:59:57 - 🛑 EarlyStopping counter: 1 out of 15
2026-02-04 11:23:48 - Epoch 48 | Time: 1430.7s | Train Loss: 0.0000039323 | Val Loss: 0.0000308846 (CLIP: 4.852030, MSE: 0.0000308846)
2026-02-04 11:23:48 - 🛑 EarlyStopping counter: 2 out of 15
2026-02-04 11:47:47 - Epoch 49 | Time: 1439.5s | Train Loss: 0.0000056529 | Val Loss: 0.0000012819 (CLIP: 4.852030, MSE: 0.0000012819)
2026-02-04 11:47:47 - 🛑 EarlyStopping counter: 3 out of 15
2026-02-04 12:11:30 - Epoch 50 | Time: 1422.9s | Train Loss: 0.0000041312 | Val Loss: 0.0000057764 (CLIP: 4.852030, MSE: 0.0000057764)
2026-02-04 12:11:30 - 🛑 EarlyStopping counter: 4 out of 15
2026-02-04 12:11:31 - 💾 Checkpoint saved: ./checkpoints/autokl_final/epoch_50.pth
2026-02-04 12:35:20 - Epoch 51 | Time: 1428.8s | Train Loss: 0.0000059151 | Val Loss: 0.0000000904 (CLIP: 4.852030, MSE: 0.0000000904)
2026-02-04 12:35:20 - ✅ Validation loss decreased. Saving best model to ./checkpoints/autokl_final/best_model.pth
2026-02-04 12:59:25 - Epoch 52 | Time: 1444.2s | Train Loss: 0.0000047912 | Val Loss: 0.0000006694 (CLIP: 4.852030, MSE: 0.0000006694)
2026-02-04 12:59:25 - 🛑 EarlyStopping counter: 1 out of 15
2026-02-04 13:23:30 - Epoch 53 | Time: 1445.6s | Train Loss: 0.0000053594 | Val Loss: 0.0000000377 (CLIP: 4.852030, MSE: 0.0000000377)
2026-02-04 13:23:31 - ✅ Validation loss decreased. Saving best model to ./checkpoints/autokl_final/best_model.pth
2026-02-04 13:47:38 - Epoch 54 | Time: 1447.5s | Train Loss: 0.0000040950 | Val Loss: 0.0000000016 (CLIP: 4.852030, MSE: 0.0000000016)
2026-02-04 13:47:39 - ✅ Validation loss decreased. Saving best model to ./checkpoints/autokl_final/best_model.pth
2026-02-04 14:11:36 - Epoch 55 | Time: 1436.3s | Train Loss: 0.0000059123 | Val Loss: 0.0000000365 (CLIP: 4.852030, MSE: 0.0000000365)
2026-02-04 14:11:36 - 🛑 EarlyStopping counter: 1 out of 15
2026-02-04 14:35:22 - Epoch 56 | Time: 1425.9s | Train Loss: 0.0000043364 | Val Loss: 0.0000000010 (CLIP: 4.852030, MSE: 0.0000000010)
2026-02-04 14:35:23 - ✅ Validation loss decreased. Saving best model to ./checkpoints/autokl_final/best_model.pth
2026-02-04 14:59:16 - Epoch 57 | Time: 1433.8s | Train Loss: 0.0000046535 | Val Loss: 0.0000547285 (CLIP: 4.852030, MSE: 0.0000547285)
2026-02-04 14:59:16 - 🛑 EarlyStopping counter: 1 out of 15
2026-02-04 15:23:41 - Epoch 58 | Time: 1464.8s | Train Loss: 0.0000049515 | Val Loss: 0.0000000050 (CLIP: 4.852030, MSE: 0.0000000050)
2026-02-04 15:23:41 - 🛑 EarlyStopping counter: 2 out of 15
2026-02-04 15:47:48 - Epoch 59 | Time: 1446.5s | Train Loss: 0.0000059585 | Val Loss: 0.0000000235 (CLIP: 4.852030, MSE: 0.0000000235)
2026-02-04 15:47:48 - 🛑 EarlyStopping counter: 3 out of 15
2026-02-04 16:13:00 - Epoch 60 | Time: 1512.4s | Train Loss: 0.0000040291 | Val Loss: 0.0000000016 (CLIP: 4.852030, MSE: 0.0000000016)
2026-02-04 16:13:00 - 🛑 EarlyStopping counter: 4 out of 15
2026-02-04 16:13:01 - 💾 Checkpoint saved: ./checkpoints/autokl_final/epoch_60.pth
2026-02-04 16:38:10 - Epoch 61 | Time: 1509.5s | Train Loss: 0.0000046920 | Val Loss: 0.0000000025 (CLIP: 4.852030, MSE: 0.0000000025)
2026-02-04 16:38:10 - 🛑 EarlyStopping counter: 5 out of 15
2026-02-04 17:02:36 - Epoch 62 | Time: 1465.8s | Train Loss: 0.0000062540 | Val Loss: 0.0000007732 (CLIP: 4.852030, MSE: 0.0000007732)
2026-02-04 17:02:36 - 🛑 EarlyStopping counter: 6 out of 15
2026-02-04 17:26:54 - Epoch 63 | Time: 1457.9s | Train Loss: 0.0000048601 | Val Loss: 0.0000000113 (CLIP: 4.852030, MSE: 0.0000000113)
2026-02-04 17:26:54 - 🛑 EarlyStopping counter: 7 out of 15
2026-02-04 17:52:50 - Epoch 64 | Time: 1556.2s | Train Loss: 0.0000041676 | Val Loss: 0.0000000026 (CLIP: 4.852030, MSE: 0.0000000026)
2026-02-04 17:52:50 - 🛑 EarlyStopping counter: 8 out of 15
2026-02-04 18:16:54 - Epoch 65 | Time: 1443.7s | Train Loss: 0.0000046339 | Val Loss: 0.0000000003 (CLIP: 4.852030, MSE: 0.0000000003)
2026-02-04 18:16:55 - ✅ Validation loss decreased. Saving best model to ./checkpoints/autokl_final/best_model.pth
2026-02-04 18:41:18 - Epoch 66 | Time: 1463.1s | Train Loss: 0.0000045391 | Val Loss: 0.0000000006 (CLIP: 4.852030, MSE: 0.0000000006)
2026-02-04 18:41:18 - 🛑 EarlyStopping counter: 1 out of 15
2026-02-04 19:05:36 - Epoch 67 | Time: 1458.4s | Train Loss: 0.0000053702 | Val Loss: 0.0000879361 (CLIP: 4.852030, MSE: 0.0000879361)
2026-02-04 19:05:36 - 🛑 EarlyStopping counter: 2 out of 15
2026-02-04 19:30:16 - Epoch 68 | Time: 1480.0s | Train Loss: 0.0000053171 | Val Loss: 0.0000004187 (CLIP: 4.852030, MSE: 0.0000004187)
2026-02-04 19:30:16 - 🛑 EarlyStopping counter: 3 out of 15
2026-02-04 19:54:17 - Epoch 69 | Time: 1440.7s | Train Loss: 0.0000045755 | Val Loss: 0.0000011050 (CLIP: 4.852030, MSE: 0.0000011050)
2026-02-04 19:54:17 - 🛑 EarlyStopping counter: 4 out of 15
2026-02-04 20:19:16 - Epoch 70 | Time: 1498.5s | Train Loss: 0.0000042952 | Val Loss: 0.0000000056 (CLIP: 4.852030, MSE: 0.0000000056)
2026-02-04 20:19:16 - 🛑 EarlyStopping counter: 5 out of 15
2026-02-04 20:19:16 - 💾 Checkpoint saved: ./checkpoints/autokl_final/epoch_70.pth
2026-02-04 20:43:14 - Epoch 71 | Time: 1437.9s | Train Loss: 0.0000048528 | Val Loss: 0.0000000003 (CLIP: 4.852030, MSE: 0.0000000003)
2026-02-04 20:43:15 - ✅ Validation loss decreased. Saving best model to ./checkpoints/autokl_final/best_model.pth
2026-02-04 21:07:09 - Epoch 72 | Time: 1434.4s | Train Loss: 0.0000042822 | Val Loss: 0.0000000004 (CLIP: 4.852030, MSE: 0.0000000004)
2026-02-04 21:07:09 - 🛑 EarlyStopping counter: 1 out of 15
2026-02-04 21:31:25 - Epoch 73 | Time: 1455.8s | Train Loss: 0.0000041976 | Val Loss: 0.0000000003 (CLIP: 4.852030, MSE: 0.0000000003)
2026-02-04 21:31:25 - 🛑 EarlyStopping counter: 2 out of 15
2026-02-04 21:56:17 - Epoch 74 | Time: 1491.6s | Train Loss: 0.0000051610 | Val Loss: 0.0000795689 (CLIP: 4.852030, MSE: 0.0000795689)
2026-02-04 21:56:17 - 🛑 EarlyStopping counter: 3 out of 15
2026-02-04 22:21:27 - Epoch 75 | Time: 1510.0s | Train Loss: 0.0000041308 | Val Loss: 0.0000000019 (CLIP: 4.852030, MSE: 0.0000000019)
2026-02-04 22:21:27 - 🛑 EarlyStopping counter: 4 out of 15
2026-02-04 22:46:27 - Epoch 76 | Time: 1500.9s | Train Loss: 0.0000052121 | Val Loss: 0.0000000002 (CLIP: 4.852030, MSE: 0.0000000002)
2026-02-04 22:46:28 - ✅ Validation loss decreased. Saving best model to ./checkpoints/autokl_final/best_model.pth
2026-02-04 23:15:02 - Epoch 77 | Time: 1713.5s | Train Loss: 0.0000040028 | Val Loss: 0.0000000002 (CLIP: 4.852030, MSE: 0.0000000002)
2026-02-04 23:15:03 - ✅ Validation loss decreased. Saving best model to ./checkpoints/autokl_final/best_model.pth
2026-02-04 23:39:42 - Epoch 78 | Time: 1479.4s | Train Loss: 0.0000050595 | Val Loss: 0.0000000002 (CLIP: 4.852030, MSE: 0.0000000002)
2026-02-04 23:39:42 - 🛑 EarlyStopping counter: 1 out of 15
2026-02-05 00:04:13 - Epoch 79 | Time: 1470.7s | Train Loss: 0.0000041216 | Val Loss: 0.0000000003 (CLIP: 4.852030, MSE: 0.0000000003)
2026-02-05 00:04:13 - 🛑 EarlyStopping counter: 2 out of 15
2026-02-05 00:28:51 - Epoch 80 | Time: 1478.6s | Train Loss: 0.0000044059 | Val Loss: 0.0000000004 (CLIP: 4.852030, MSE: 0.0000000004)
2026-02-05 00:28:51 - 🛑 EarlyStopping counter: 3 out of 15
2026-02-05 00:28:52 - 💾 Checkpoint saved: ./checkpoints/autokl_final/epoch_80.pth
2026-02-05 00:53:03 - Epoch 81 | Time: 1450.6s | Train Loss: 0.0000038536 | Val Loss: 0.0000003427 (CLIP: 4.852030, MSE: 0.0000003427)
2026-02-05 00:53:03 - 🛑 EarlyStopping counter: 4 out of 15
2026-02-05 01:17:06 - Epoch 82 | Time: 1443.1s | Train Loss: 0.0000058341 | Val Loss: 0.0000020756 (CLIP: 4.852030, MSE: 0.0000020756)
2026-02-05 01:17:06 - 🛑 EarlyStopping counter: 5 out of 15
2026-02-05 01:42:45 - Epoch 83 | Time: 1539.7s | Train Loss: 0.0000041229 | Val Loss: 0.0000006603 (CLIP: 4.852030, MSE: 0.0000006603)
2026-02-05 01:42:45 - 🛑 EarlyStopping counter: 6 out of 15
2026-02-05 02:08:04 - Epoch 84 | Time: 1518.5s | Train Loss: 0.0000043263 | Val Loss: 0.0000000160 (CLIP: 4.852030, MSE: 0.0000000160)
2026-02-05 02:08:04 - 🛑 EarlyStopping counter: 7 out of 15
2026-02-05 13:58:55 - 
==================================================
2026-02-05 13:58:55 - 🚀 Initializing Training (Target: AutoKL only)
2026-02-05 13:58:55 -    CLIP Dim: 4096 (Mean), MSE Dim: 16384 (Full)
2026-02-05 13:58:55 - ==================================================
2026-02-05 13:58:55 - 📊 Dataset Split -> Train: 63513, Val: 15879
2026-02-05 13:58:57 - 🚀 Start Training Loop...
2026-02-05 14:19:23 - Epoch 1 | Time: 1225.8s | Train Loss: 1.7457564762 | Val Loss: 1.7329019467 (CLIP: 3.465736, MSE: 0.0000680282)
2026-02-05 14:19:23 - ✅ Validation loss decreased. Saving best model to ./checkpoints/autokl_final/best_model.pth
2026-02-05 14:39:25 - Epoch 2 | Time: 1201.3s | Train Loss: 1.7329032431 | Val Loss: 1.7328694295 (CLIP: 3.465736, MSE: 0.0000029733)
2026-02-05 14:39:25 - ✅ Validation loss decreased. Saving best model to ./checkpoints/autokl_final/best_model.pth
2026-02-05 14:59:43 - Epoch 3 | Time: 1217.6s | Train Loss: 1.7329017126 | Val Loss: 1.7328734532 (CLIP: 3.465736, MSE: 0.0000110392)
2026-02-05 14:59:43 - 🛑 EarlyStopping counter: 1 out of 15
2026-02-05 15:19:44 - Epoch 4 | Time: 1200.9s | Train Loss: 1.7328908956 | Val Loss: 1.7328800052 (CLIP: 3.465736, MSE: 0.0000241460)
2026-02-05 15:19:44 - 🛑 EarlyStopping counter: 2 out of 15
2026-02-05 15:40:27 - Epoch 5 | Time: 1243.0s | Train Loss: 1.7328823388 | Val Loss: 1.7329074685 (CLIP: 3.465736, MSE: 0.0000790802)
2026-02-05 15:40:27 - 🛑 EarlyStopping counter: 3 out of 15
2026-02-05 16:00:42 - Epoch 6 | Time: 1215.7s | Train Loss: 1.7328772639 | Val Loss: 1.7328687507 (CLIP: 3.465736, MSE: 0.0000015957)
2026-02-05 16:00:43 - ✅ Validation loss decreased. Saving best model to ./checkpoints/autokl_final/best_model.pth
2026-02-05 16:21:00 - Epoch 7 | Time: 1216.8s | Train Loss: 1.7328776957 | Val Loss: 1.7328681157 (CLIP: 3.465736, MSE: 0.0000003600)
2026-02-05 16:21:01 - ✅ Validation loss decreased. Saving best model to ./checkpoints/autokl_final/best_model.pth
2026-02-05 16:29:24 - 
==================================================
2026-02-05 16:29:24 - 🚀 Initializing Training (Target: AutoKL only)
2026-02-05 16:29:24 -    CLIP Dim: 16384 (Full), MSE Dim: 16384 (Full)
2026-02-05 16:29:24 - ==================================================
2026-02-05 16:29:24 - 📊 Dataset Split -> Train: 63513, Val: 15879
2026-02-05 16:29:27 - 🚀 Start Training Loop...
2026-02-05 16:50:28 - Epoch 1 | Time: 1260.8s | Train Loss: 1.7403702544 | Val Loss: 1.7329399766 (CLIP: 3.465736, MSE: 0.0001440754)
2026-02-05 16:50:28 - ✅ Validation loss decreased. Saving best model to ./checkpoints/autokl_final/best_model.pth
2026-02-05 17:11:05 - Epoch 2 | Time: 1236.4s | Train Loss: 1.7328987688 | Val Loss: 1.7328701065 (CLIP: 3.465736, MSE: 0.0000043445)
2026-02-05 17:11:06 - ✅ Validation loss decreased. Saving best model to ./checkpoints/autokl_final/best_model.pth
2026-02-05 17:31:38 - Epoch 3 | Time: 1232.0s | Train Loss: 1.7329011502 | Val Loss: 1.7329683229 (CLIP: 3.465736, MSE: 0.0002007747)
2026-02-05 17:31:38 - 🛑 EarlyStopping counter: 1 out of 15
2026-02-05 17:52:11 - Epoch 4 | Time: 1233.5s | Train Loss: 1.7328857135 | Val Loss: 1.7328708628 (CLIP: 3.465736, MSE: 0.0000058573)
2026-02-05 17:52:11 - 🛑 EarlyStopping counter: 2 out of 15
2026-02-05 18:13:23 - Epoch 5 | Time: 1272.1s | Train Loss: 1.7328771928 | Val Loss: 1.7328762999 (CLIP: 3.465736, MSE: 0.0000167287)
2026-02-05 18:13:23 - 🛑 EarlyStopping counter: 3 out of 15
2026-02-05 18:34:36 - Epoch 6 | Time: 1272.5s | Train Loss: 1.7328785348 | Val Loss: 1.7328688180 (CLIP: 3.465736, MSE: 0.0000018084)
2026-02-05 18:34:37 - ✅ Validation loss decreased. Saving best model to ./checkpoints/autokl_final/best_model.pth
2026-02-05 18:55:25 - Epoch 7 | Time: 1248.3s | Train Loss: 1.7328758400 | Val Loss: 1.7328730307 (CLIP: 3.465736, MSE: 0.0000101885)
2026-02-05 18:55:25 - 🛑 EarlyStopping counter: 1 out of 15
2026-02-05 19:16:06 - Epoch 8 | Time: 1240.6s | Train Loss: 1.7328743562 | Val Loss: 1.7328679795 (CLIP: 3.465736, MSE: 0.0000001579)
2026-02-05 19:16:06 - ✅ Validation loss decreased. Saving best model to ./checkpoints/autokl_final/best_model.pth
2026-02-05 19:36:45 - Epoch 9 | Time: 1238.3s | Train Loss: 1.7329774054 | Val Loss: 1.7328681917 (CLIP: 3.465736, MSE: 0.0000004899)
2026-02-05 19:36:45 - 🛑 EarlyStopping counter: 1 out of 15
2026-02-05 19:57:30 - Epoch 10 | Time: 1245.1s | Train Loss: 1.7328682499 | Val Loss: 1.7328682876 (CLIP: 3.465736, MSE: 0.0000007327)
2026-02-05 19:57:30 - 🛑 EarlyStopping counter: 2 out of 15
2026-02-05 19:57:31 - 💾 Checkpoint saved: ./checkpoints/autokl_final/epoch_10.pth
2026-02-05 20:18:18 - Epoch 11 | Time: 1247.0s | Train Loss: 1.7328695053 | Val Loss: 1.7328687442 (CLIP: 3.465736, MSE: 0.0000015677)
2026-02-05 20:18:18 - 🛑 EarlyStopping counter: 3 out of 15
2026-02-05 20:40:20 - Epoch 12 | Time: 1322.7s | Train Loss: 1.7328739668 | Val Loss: 1.7328682890 (CLIP: 3.465736, MSE: 0.0000006673)
2026-02-05 20:40:20 - 🛑 EarlyStopping counter: 4 out of 15
2026-02-05 21:00:55 - Epoch 13 | Time: 1234.3s | Train Loss: 1.7328738941 | Val Loss: 1.7328681691 (CLIP: 3.465736, MSE: 0.0000004129)
2026-02-05 21:00:55 - 🛑 EarlyStopping counter: 5 out of 15
2026-02-05 21:21:42 - Epoch 14 | Time: 1247.6s | Train Loss: 1.7328697158 | Val Loss: 1.7328682955 (CLIP: 3.465736, MSE: 0.0000006246)
2026-02-05 21:21:42 - 🛑 EarlyStopping counter: 6 out of 15
2026-02-05 21:41:36 - Epoch 15 | Time: 1194.0s | Train Loss: 1.7328699097 | Val Loss: 1.7328681734 (CLIP: 3.465736, MSE: 0.0000004713)
2026-02-05 21:41:36 - 🛑 EarlyStopping counter: 7 out of 15
2026-02-05 22:00:07 - Epoch 16 | Time: 1110.9s | Train Loss: 1.7328692652 | Val Loss: 1.7328684133 (CLIP: 3.465736, MSE: 0.0000008819)
2026-02-05 22:00:07 - 🛑 EarlyStopping counter: 8 out of 15
2026-02-05 22:18:29 - Epoch 17 | Time: 1102.2s | Train Loss: 1.7328724692 | Val Loss: 1.7328680619 (CLIP: 3.465736, MSE: 0.0000003171)
2026-02-05 22:18:29 - 🛑 EarlyStopping counter: 9 out of 15
2026-02-05 22:36:53 - Epoch 18 | Time: 1103.2s | Train Loss: 1.7328680116 | Val Loss: 1.7328681775 (CLIP: 3.465736, MSE: 0.0000005210)
2026-02-05 22:36:53 - 🛑 EarlyStopping counter: 10 out of 15
2026-02-05 22:54:48 - Epoch 19 | Time: 1074.9s | Train Loss: 1.7328772722 | Val Loss: 1.7328680552 (CLIP: 3.465736, MSE: 0.0000001475)
2026-02-05 22:54:48 - 🛑 EarlyStopping counter: 11 out of 15
2026-02-05 23:12:59 - Epoch 20 | Time: 1090.9s | Train Loss: 1.7328679562 | Val Loss: 1.7328680583 (CLIP: 3.465736, MSE: 0.0000002067)
2026-02-05 23:12:59 - 🛑 EarlyStopping counter: 12 out of 15
2026-02-05 23:13:00 - 💾 Checkpoint saved: ./checkpoints/autokl_final/epoch_20.pth
2026-02-05 23:32:26 - Epoch 21 | Time: 1166.5s | Train Loss: 1.7328767965 | Val Loss: 1.7328683027 (CLIP: 3.465736, MSE: 0.0000006130)
2026-02-05 23:32:26 - 🛑 EarlyStopping counter: 13 out of 15
2026-02-05 23:51:35 - Epoch 22 | Time: 1148.6s | Train Loss: 1.7328683985 | Val Loss: 1.7328684246 (CLIP: 3.465736, MSE: 0.0000010112)
2026-02-05 23:51:35 - 🛑 EarlyStopping counter: 14 out of 15
2026-02-06 00:10:48 - Epoch 23 | Time: 1153.7s | Train Loss: 1.7328686909 | Val Loss: 1.7328685414 (CLIP: 3.465736, MSE: 0.0000010782)
2026-02-06 00:10:48 - 🛑 EarlyStopping counter: 15 out of 15
2026-02-06 00:10:48 - 🛑 Early stopping triggered!
2026-02-06 00:10:48 - 🎉 Training Finished!
2026-02-06 22:27:07 - 
==================================================
2026-02-06 22:27:07 - 🚀 Initializing Training (Target: AutoKL only)
2026-02-06 22:27:07 -    CLIP Dim: 16384 (Full), MSE Dim: 16384 (Full)
2026-02-06 22:27:07 - ==================================================
2026-02-06 22:27:07 - 📊 Dataset Split -> Train: 63513, Val: 15879
2026-02-06 22:27:44 - 
==================================================
2026-02-06 22:27:44 - 🚀 Initializing Training (Target: AutoKL only)
2026-02-06 22:27:44 -    CLIP Dim: 16384 (Full), MSE Dim: 16384 (Full)
2026-02-06 22:27:44 - ==================================================
2026-02-06 22:27:44 - 📊 Dataset Split -> Train: 63513, Val: 15879
2026-02-06 22:43:03 - 
==================================================
2026-02-06 22:43:03 - 🚀 Initializing Training (Target: AutoKL only)
2026-02-06 22:43:03 -    CLIP Dim: 16384 (Full), MSE Dim: 16384 (Full)
2026-02-06 22:43:03 - ==================================================
2026-02-06 22:43:03 - 📊 Dataset Split -> Train: 63513, Val: 15879
2026-02-06 22:43:06 - 🚀 Start Training Loop...
2026-02-06 22:59:48 - Epoch 1 | Time: 1001.7s | Train Loss: 2.0990914320 | Val Loss: 2.0966186105 (CLIP: 3.466248, MSE: 0.7269887881)
2026-02-06 22:59:49 - ✅ Validation loss decreased. Saving best model to ./checkpoints/autokl_final/best_model.pth
2026-02-06 23:17:03 - Epoch 2 | Time: 1033.9s | Train Loss: 2.0975754006 | Val Loss: 2.0980875478 (CLIP: 3.469015, MSE: 0.7271599169)
2026-02-06 23:17:03 - 🛑 EarlyStopping counter: 1 out of 10
2026-02-06 23:34:29 - Epoch 3 | Time: 1045.8s | Train Loss: 2.0971434502 | Val Loss: 2.0963705990 (CLIP: 3.465769, MSE: 0.7269720411)
2026-02-06 23:34:30 - ✅ Validation loss decreased. Saving best model to ./checkpoints/autokl_final/best_model.pth
2026-02-06 23:51:10 - Epoch 4 | Time: 1000.9s | Train Loss: 2.0971822600 | Val Loss: 2.0961754976 (CLIP: 3.465748, MSE: 0.7266027872)
2026-02-06 23:51:12 - ✅ Validation loss decreased. Saving best model to ./checkpoints/autokl_final/best_model.pth
2026-02-07 00:08:09 - Epoch 5 | Time: 1017.5s | Train Loss: 2.0969859384 | Val Loss: 2.0962461329 (CLIP: 3.465876, MSE: 0.7266157928)
2026-02-07 00:08:09 - 🛑 EarlyStopping counter: 1 out of 10
2026-02-07 00:24:54 - Epoch 6 | Time: 1004.7s | Train Loss: 2.0970099594 | Val Loss: 2.0969143837 (CLIP: 3.465843, MSE: 0.7279854795)
2026-02-07 00:24:54 - 🛑 EarlyStopping counter: 2 out of 10
2026-02-07 00:43:09 - Epoch 7 | Time: 1095.3s | Train Loss: 2.0970483069 | Val Loss: 2.0961926608 (CLIP: 3.465745, MSE: 0.7266398434)
2026-02-07 00:43:09 - 🛑 EarlyStopping counter: 3 out of 10
2026-02-07 01:00:09 - Epoch 8 | Time: 1019.6s | Train Loss: 2.0968576583 | Val Loss: 2.0958473639 (CLIP: 3.465177, MSE: 0.7265181328)
2026-02-07 01:00:10 - ✅ Validation loss decreased. Saving best model to ./checkpoints/autokl_final/best_model.pth
2026-02-07 01:17:09 - Epoch 9 | Time: 1018.9s | Train Loss: 2.0964813349 | Val Loss: 2.0940150768 (CLIP: 3.461623, MSE: 0.7264074499)
2026-02-07 01:17:10 - ✅ Validation loss decreased. Saving best model to ./checkpoints/autokl_final/best_model.pth
2026-02-07 01:33:59 - Epoch 10 | Time: 1009.4s | Train Loss: 2.0918515149 | Val Loss: 2.0882216966 (CLIP: 3.450190, MSE: 0.7262535608)
2026-02-07 01:34:01 - ✅ Validation loss decreased. Saving best model to ./checkpoints/autokl_final/best_model.pth
2026-02-07 01:34:02 - 💾 Checkpoint saved: ./checkpoints/autokl_final/epoch_10.pth
2026-02-07 01:50:29 - Epoch 11 | Time: 986.9s | Train Loss: 2.0838958298 | Val Loss: 2.0825712080 (CLIP: 3.438930, MSE: 0.7262123145)
2026-02-07 01:50:30 - ✅ Validation loss decreased. Saving best model to ./checkpoints/autokl_final/best_model.pth
2026-02-07 02:07:49 - Epoch 12 | Time: 1039.4s | Train Loss: 2.0777689416 | Val Loss: 2.0796311363 (CLIP: 3.432743, MSE: 0.7265189653)
2026-02-07 02:07:51 - ✅ Validation loss decreased. Saving best model to ./checkpoints/autokl_final/best_model.pth
2026-02-07 02:25:08 - Epoch 13 | Time: 1037.5s | Train Loss: 2.0726159222 | Val Loss: 2.0783482107 (CLIP: 3.430353, MSE: 0.7263433040)
2026-02-07 02:25:09 - ✅ Validation loss decreased. Saving best model to ./checkpoints/autokl_final/best_model.pth
2026-02-07 02:42:11 - Epoch 14 | Time: 1021.2s | Train Loss: 2.0682138570 | Val Loss: 2.0751352772 (CLIP: 3.424320, MSE: 0.7259510153)
2026-02-07 02:42:11 - ✅ Validation loss decreased. Saving best model to ./checkpoints/autokl_final/best_model.pth
2026-02-07 02:59:28 - Epoch 15 | Time: 1036.5s | Train Loss: 2.0639538067 | Val Loss: 2.0753121172 (CLIP: 3.424513, MSE: 0.7261108840)
2026-02-07 02:59:28 - 🛑 EarlyStopping counter: 1 out of 10
2026-02-07 03:16:23 - Epoch 16 | Time: 1015.5s | Train Loss: 2.0593535178 | Val Loss: 2.0762259636 (CLIP: 3.425808, MSE: 0.7266441794)
2026-02-07 03:16:23 - 🛑 EarlyStopping counter: 2 out of 10
2026-02-07 03:34:16 - Epoch 17 | Time: 1072.3s | Train Loss: 2.0539133865 | Val Loss: 2.0749558066 (CLIP: 3.423683, MSE: 0.7262282584)
2026-02-07 03:34:17 - ✅ Validation loss decreased. Saving best model to ./checkpoints/autokl_final/best_model.pth
2026-02-07 03:51:21 - Epoch 18 | Time: 1023.9s | Train Loss: 2.0481252828 | Val Loss: 2.0783276517 (CLIP: 3.430269, MSE: 0.7263860210)
2026-02-07 03:51:21 - 🛑 EarlyStopping counter: 1 out of 10
2026-02-07 04:08:22 - Epoch 19 | Time: 1021.2s | Train Loss: 2.0425486451 | Val Loss: 2.0763603391 (CLIP: 3.426852, MSE: 0.7258690170)
2026-02-07 04:08:22 - 🛑 EarlyStopping counter: 2 out of 10
2026-02-07 04:25:24 - Epoch 20 | Time: 1022.6s | Train Loss: 2.0362571954 | Val Loss: 2.0761395236 (CLIP: 3.425983, MSE: 0.7262964527)
2026-02-07 04:25:24 - 🛑 EarlyStopping counter: 3 out of 10
2026-02-07 04:25:25 - 💾 Checkpoint saved: ./checkpoints/autokl_final/epoch_20.pth
2026-02-07 04:43:16 - Epoch 21 | Time: 1070.6s | Train Loss: 2.0291824954 | Val Loss: 2.0755764520 (CLIP: 3.425201, MSE: 0.7259518001)
2026-02-07 04:43:16 - 🛑 EarlyStopping counter: 4 out of 10
2026-02-07 05:00:22 - Epoch 22 | Time: 1026.5s | Train Loss: 2.0219828800 | Val Loss: 2.0778044551 (CLIP: 3.428987, MSE: 0.7266214473)
2026-02-07 05:00:22 - 🛑 EarlyStopping counter: 5 out of 10
2026-02-07 05:17:52 - Epoch 23 | Time: 1050.1s | Train Loss: 2.0143384681 | Val Loss: 2.0793049792 (CLIP: 3.432078, MSE: 0.7265317959)
2026-02-07 05:17:52 - 🛑 EarlyStopping counter: 6 out of 10
2026-02-07 05:35:21 - Epoch 24 | Time: 1048.3s | Train Loss: 2.0058419429 | Val Loss: 2.0798592471 (CLIP: 3.432718, MSE: 0.7270004677)
2026-02-07 05:35:21 - 🛑 EarlyStopping counter: 7 out of 10
2026-02-07 05:53:05 - Epoch 25 | Time: 1064.5s | Train Loss: 1.9973524045 | Val Loss: 2.0792482354 (CLIP: 3.431917, MSE: 0.7265797265)
2026-02-07 05:53:05 - 🛑 EarlyStopping counter: 8 out of 10
2026-02-07 06:10:11 - Epoch 26 | Time: 1025.3s | Train Loss: 1.9861012788 | Val Loss: 2.0828055494 (CLIP: 3.438737, MSE: 0.7268737943)
2026-02-07 06:10:11 - 🛑 EarlyStopping counter: 9 out of 10
2026-02-07 06:27:18 - Epoch 27 | Time: 1027.2s | Train Loss: 1.9772081477 | Val Loss: 2.0824198970 (CLIP: 3.437850, MSE: 0.7269901848)
2026-02-07 06:27:18 - 🛑 EarlyStopping counter: 10 out of 10
2026-02-07 06:27:18 - 🛑 Early stopping triggered!
2026-02-07 06:27:18 - 🎉 Training Finished!
2026-02-07 11:00:20 - 
==================================================
2026-02-07 11:00:20 - 🚀 Initializing Training (Target: AutoKL only)
2026-02-07 11:00:20 -    CLIP Dim: 16384 (Full), MSE Dim: 16384 (Full)
2026-02-07 11:00:20 - ==================================================
2026-02-07 11:00:20 - 📊 Dataset Split -> Train: 63513, Val: 15879
2026-02-07 11:00:25 - 🚀 Start Training Loop...
2026-02-07 11:10:43 - 
==================================================
2026-02-07 11:10:43 - 🚀 Initializing Training (Target: AutoKL only)
2026-02-07 11:10:43 -    CLIP Dim: 16384 (Full), MSE Dim: 16384 (Full)
2026-02-07 11:10:43 - ==================================================
2026-02-07 11:10:43 - 📊 Dataset Split -> Train: 63513, Val: 15879
2026-02-07 11:10:47 - 🚀 Start Training Loop...
2026-02-07 11:33:07 - Epoch 1 | Time: 1340.5s | Train Loss: 0.7287674551 | Val Loss: 0.7271720474 (CLIP: 3.472367, MSE: 0.7271720474)
2026-02-07 11:33:09 - ✅ Validation loss decreased. Saving best model to ./checkpoints/autokl_final/best_model.pth
2026-02-07 11:55:20 - Epoch 2 | Time: 1331.6s | Train Loss: 0.7281129081 | Val Loss: 0.7266499882 (CLIP: 3.471965, MSE: 0.7266499882)
2026-02-07 11:55:21 - ✅ Validation loss decreased. Saving best model to ./checkpoints/autokl_final/best_model.pth
2026-02-07 12:18:39 - Epoch 3 | Time: 1397.7s | Train Loss: 0.7281197181 | Val Loss: 0.7265965477 (CLIP: 3.471735, MSE: 0.7265965477)
2026-02-07 12:18:40 - ✅ Validation loss decreased. Saving best model to ./checkpoints/autokl_final/best_model.pth
2026-02-07 12:40:53 - Epoch 4 | Time: 1332.7s | Train Loss: 0.7280060152 | Val Loss: 0.7269814832 (CLIP: 3.471822, MSE: 0.7269814832)
2026-02-07 12:40:53 - 🛑 EarlyStopping counter: 1 out of 10
2026-02-07 13:04:31 - Epoch 5 | Time: 1417.4s | Train Loss: 0.7280081774 | Val Loss: 0.7265648535 (CLIP: 3.471590, MSE: 0.7265648535)
2026-02-07 13:04:32 - ✅ Validation loss decreased. Saving best model to ./checkpoints/autokl_final/best_model.pth
2026-02-07 13:26:43 - Epoch 6 | Time: 1330.9s | Train Loss: 0.7279942635 | Val Loss: 0.7268188917 (CLIP: 3.471501, MSE: 0.7268188917)
2026-02-07 13:26:43 - 🛑 EarlyStopping counter: 1 out of 10
2026-02-07 13:48:43 - Epoch 7 | Time: 1319.8s | Train Loss: 0.7279677137 | Val Loss: 0.7264125571 (CLIP: 3.471455, MSE: 0.7264125571)
2026-02-07 13:48:45 - ✅ Validation loss decreased. Saving best model to ./checkpoints/autokl_final/best_model.pth
2026-02-07 14:11:06 - Epoch 8 | Time: 1340.6s | Train Loss: nan | Val Loss: nan (CLIP: nan, MSE: nan)
2026-02-07 14:11:07 - ✅ Validation loss decreased. Saving best model to ./checkpoints/autokl_final/best_model.pth
2026-02-07 14:33:24 - Epoch 9 | Time: 1336.7s | Train Loss: nan | Val Loss: nan (CLIP: nan, MSE: nan)
2026-02-07 14:33:25 - ✅ Validation loss decreased. Saving best model to ./checkpoints/autokl_final/best_model.pth
2026-02-07 14:56:00 - Epoch 10 | Time: 1355.3s | Train Loss: nan | Val Loss: nan (CLIP: nan, MSE: nan)
2026-02-07 14:56:01 - ✅ Validation loss decreased. Saving best model to ./checkpoints/autokl_final/best_model.pth
2026-02-07 14:56:03 - 💾 Checkpoint saved: ./checkpoints/autokl_final/epoch_10.pth
2026-02-07 15:19:41 - Epoch 11 | Time: 1418.6s | Train Loss: nan | Val Loss: nan (CLIP: nan, MSE: nan)
2026-02-07 15:19:42 - ✅ Validation loss decreased. Saving best model to ./checkpoints/autokl_final/best_model.pth
2026-02-07 15:45:55 - Epoch 12 | Time: 1572.6s | Train Loss: nan | Val Loss: nan (CLIP: nan, MSE: nan)
2026-02-07 15:45:56 - ✅ Validation loss decreased. Saving best model to ./checkpoints/autokl_final/best_model.pth
2026-02-07 16:12:07 - Epoch 13 | Time: 1571.7s | Train Loss: nan | Val Loss: nan (CLIP: nan, MSE: nan)
2026-02-07 16:12:09 - ✅ Validation loss decreased. Saving best model to ./checkpoints/autokl_final/best_model.pth
2026-02-07 16:40:31 - Epoch 14 | Time: 1702.4s | Train Loss: nan | Val Loss: nan (CLIP: nan, MSE: nan)
2026-02-07 16:40:33 - ✅ Validation loss decreased. Saving best model to ./checkpoints/autokl_final/best_model.pth
2026-02-07 17:08:41 - Epoch 15 | Time: 1687.6s | Train Loss: 0.7265906823 | Val Loss: nan (CLIP: nan, MSE: nan)
2026-02-07 17:08:42 - ✅ Validation loss decreased. Saving best model to ./checkpoints/autokl_final/best_model.pth
2026-02-07 17:33:34 - Epoch 16 | Time: 1491.7s | Train Loss: 0.7261221471 | Val Loss: nan (CLIP: nan, MSE: nan)
2026-02-07 17:33:35 - ✅ Validation loss decreased. Saving best model to ./checkpoints/autokl_final/best_model.pth
2026-02-07 17:56:13 - Epoch 17 | Time: 1357.6s | Train Loss: 0.7255835155 | Val Loss: nan (CLIP: nan, MSE: nan)
2026-02-07 17:56:14 - ✅ Validation loss decreased. Saving best model to ./checkpoints/autokl_final/best_model.pth
2026-02-07 18:18:05 - Epoch 18 | Time: 1311.5s | Train Loss: 0.7249251759 | Val Loss: nan (CLIP: nan, MSE: nan)
2026-02-07 18:18:07 - ✅ Validation loss decreased. Saving best model to ./checkpoints/autokl_final/best_model.pth
2026-02-07 18:40:12 - Epoch 19 | Time: 1325.8s | Train Loss: 0.7242073236 | Val Loss: nan (CLIP: nan, MSE: nan)
2026-02-07 18:40:14 - ✅ Validation loss decreased. Saving best model to ./checkpoints/autokl_final/best_model.pth
2026-02-07 19:02:29 - Epoch 20 | Time: 1334.6s | Train Loss: 0.7232162150 | Val Loss: nan (CLIP: nan, MSE: nan)
2026-02-07 19:02:30 - ✅ Validation loss decreased. Saving best model to ./checkpoints/autokl_final/best_model.pth
2026-02-07 19:02:31 - 💾 Checkpoint saved: ./checkpoints/autokl_final/epoch_20.pth
2026-02-07 19:25:10 - Epoch 21 | Time: 1358.8s | Train Loss: 0.7223282492 | Val Loss: nan (CLIP: nan, MSE: nan)
2026-02-07 19:25:11 - ✅ Validation loss decreased. Saving best model to ./checkpoints/autokl_final/best_model.pth
2026-02-07 19:47:12 - Epoch 22 | Time: 1320.5s | Train Loss: 0.7208664484 | Val Loss: nan (CLIP: nan, MSE: nan)
2026-02-07 19:47:13 - ✅ Validation loss decreased. Saving best model to ./checkpoints/autokl_final/best_model.pth
2026-02-07 20:04:02 - 
==================================================
2026-02-07 20:04:02 - 🚀 Initializing Training (Target: AutoKL only)
2026-02-07 20:04:02 -    CLIP Dim: 16384 (Full), MSE Dim: 16384 (Full)
2026-02-07 20:04:02 - ==================================================
2026-02-07 20:04:02 - 📊 Dataset Split -> Train: 63513, Val: 15879
2026-02-07 20:04:07 - 🚀 Start Training Loop...
2026-02-07 20:09:49 - Epoch 23 | Time: 1355.8s | Train Loss: 0.7196704615 | Val Loss: nan (CLIP: nan, MSE: nan)
2026-02-07 20:09:50 - ✅ Validation loss decreased. Saving best model to ./checkpoints/autokl_final/best_model.pth
